<?xml version="1.0" encoding="UTF-8"?>
<robot generator="Robot 5.0.1 (Python 3.10.5 on win32)" generated="20220726 09:44:58.927" rpa="false" schemaversion="3">
<suite id="s1" name="Amazon Testes" source="C:\Users\ariel\Documents\case-tests\amazon_testes.robot">
<test id="s1-t1" name="Caso de Teste 01 - Acesso ao menu &quot;Eletronicos&quot;" line="10">
<kw name="Abrir o navegador" library="amazon_resourses" type="SETUP">
<kw name="Open Browser" library="SeleniumLibrary">
<arg>browser=chrome</arg>
<doc>Opens a new browser instance to the optional ``url``.</doc>
<msg timestamp="20220726 09:44:59.103" level="INFO">Opening browser 'chrome' to base url 'None'.</msg>
<status status="PASS" starttime="20220726 09:44:59.103" endtime="20220726 09:45:00.226"/>
</kw>
<kw name="Maximize Browser Window" library="SeleniumLibrary">
<doc>Maximizes current browser window.</doc>
<status status="PASS" starttime="20220726 09:45:00.226" endtime="20220726 09:45:00.340"/>
</kw>
<status status="PASS" starttime="20220726 09:44:59.103" endtime="20220726 09:45:00.340"/>
</kw>
<kw name="Acessar a home page do site Amazon.com.br" library="amazon_resourses">
<kw name="Go To" library="SeleniumLibrary">
<arg>url=${url}</arg>
<doc>Navigates the current browser window to the provided ``url``.</doc>
<msg timestamp="20220726 09:45:00.341" level="INFO">Opening url 'https://www.amazon.com.br/'</msg>
<status status="PASS" starttime="20220726 09:45:00.341" endtime="20220726 09:45:01.685"/>
</kw>
<status status="PASS" starttime="20220726 09:45:00.341" endtime="20220726 09:45:01.685"/>
</kw>
<kw name="Verificar o título da home page &quot;Amazon.com.br | Tudo pra você, de A a Z.&quot;" library="amazon_resourses" sourcename="Verificar o título da home page &quot;${TITULO}&quot;">
<kw name="Title Should Be" library="SeleniumLibrary">
<arg>title=${TITULO}</arg>
<doc>Verifies that the current page title equals ``title``.</doc>
<msg timestamp="20220726 09:45:01.695" level="INFO">Page title is 'Amazon.com.br | Tudo pra você, de A a Z.'.</msg>
<status status="PASS" starttime="20220726 09:45:01.686" endtime="20220726 09:45:01.696"/>
</kw>
<status status="PASS" starttime="20220726 09:45:01.686" endtime="20220726 09:45:01.696"/>
</kw>
<kw name="Entrar no menu &quot;Eletronicos&quot;" library="amazon_resourses">
<kw name="Click Element" library="SeleniumLibrary">
<arg>locator=${MENU_ELETRONICOS}</arg>
<doc>Click the element identified by ``locator``.</doc>
<msg timestamp="20220726 09:45:01.697" level="INFO">Clicking element '//a[contains(@data-csa-c-content-id,'nav_cs_electronics')]'.</msg>
<status status="PASS" starttime="20220726 09:45:01.696" endtime="20220726 09:45:03.466"/>
</kw>
<status status="PASS" starttime="20220726 09:45:01.696" endtime="20220726 09:45:03.466"/>
</kw>
<kw name="Verificar se o título da página fica &quot;Eletrônicos e Tecnologia | Amazon.com.br&quot;" library="amazon_resourses" sourcename="Verificar se o título da página fica &quot;${TITULO}&quot;">
<kw name="Title Should Be" library="SeleniumLibrary">
<arg>title=${TITULO}</arg>
<doc>Verifies that the current page title equals ``title``.</doc>
<msg timestamp="20220726 09:45:03.501" level="INFO">Page title is 'Eletrônicos e Tecnologia | Amazon.com.br'.</msg>
<status status="PASS" starttime="20220726 09:45:03.467" endtime="20220726 09:45:03.501"/>
</kw>
<status status="PASS" starttime="20220726 09:45:03.466" endtime="20220726 09:45:03.501"/>
</kw>
<kw name="Verificar se aparece a frase &quot;Eletrônicos e Tecnologia&quot;" library="amazon_resourses">
<kw name="Element Should Be Visible" library="SeleniumLibrary">
<arg>locator=${Checar_Frase}</arg>
<doc>Verifies that the element identified by ``locator`` is visible.</doc>
<msg timestamp="20220726 09:45:03.596" level="INFO">Element '//h1[contains(.,'Eletrônicos e Tecnologia')]' is displayed.</msg>
<status status="PASS" starttime="20220726 09:45:03.502" endtime="20220726 09:45:03.596"/>
</kw>
<status status="PASS" starttime="20220726 09:45:03.501" endtime="20220726 09:45:03.596"/>
</kw>
<kw name="Verificar se aparece a categoria &quot;Computadores e Informática&quot;" library="amazon_resourses">
<kw name="Wait Until Element Is Visible" library="SeleniumLibrary">
<arg>locator=${Checar_Categoria}</arg>
<doc>Waits until the element ``locator`` is visible.</doc>
<status status="PASS" starttime="20220726 09:45:03.597" endtime="20220726 09:45:03.664"/>
</kw>
<status status="PASS" starttime="20220726 09:45:03.597" endtime="20220726 09:45:03.664"/>
</kw>
<doc>Esse teste verifica o menu eletrônicos do site da Amazon.com.br
e verifica a categoria Computadores e Informática</doc>
<tag>menus categorias</tag>
<status status="PASS" starttime="20220726 09:44:59.101" endtime="20220726 09:45:03.664"/>
</test>
<doc>Esse suite testa o site da Amazon.com.br</doc>
<status status="PASS" starttime="20220726 09:44:58.928" endtime="20220726 09:45:03.666"/>
</suite>
<statistics>
<total>
<stat pass="1" fail="0" skip="0">All Tests</stat>
</total>
<tag>
<stat pass="1" fail="0" skip="0">menus categorias</stat>
</tag>
<suite>
<stat pass="1" fail="0" skip="0" id="s1" name="Amazon Testes">Amazon Testes</stat>
</suite>
</statistics>
<errors>
</errors>
</robot>
