<?xml version="1.0" encoding="UTF-8"?>
<robot generator="Robot 5.0.1 (Python 3.10.5 on win32)" generated="20220722 10:32:02.542" rpa="false" schemaversion="3">
<suite id="s1" name="Amazon Testes" source="C:\Users\ariel\Documents\case-tests\amazon_testes.robot">
<test id="s1-t1" name="Caso de Teste 01 - Acesso ao menu &quot;Eletrônicos&quot;" line="10">
<kw name="Abrir o navegador" library="amazon_resourses" type="SETUP">
<kw name="Open Browser" library="SeleniumLibrary">
<arg>browser=chrome</arg>
<doc>Opens a new browser instance to the optional ``url``.</doc>
<msg timestamp="20220722 10:32:02.775" level="INFO">Opening browser 'chrome' to base url 'None'.</msg>
<status status="PASS" starttime="20220722 10:32:02.775" endtime="20220722 10:32:03.943"/>
</kw>
<kw name="Maximize Browser Window" library="SeleniumLibrary">
<doc>Maximizes current browser window.</doc>
<status status="PASS" starttime="20220722 10:32:03.944" endtime="20220722 10:32:04.076"/>
</kw>
<status status="PASS" starttime="20220722 10:32:02.775" endtime="20220722 10:32:04.076"/>
</kw>
<kw name="Acessar a home page do site Amazon.com.br" library="amazon_resourses">
<kw name="Go To" library="SeleniumLibrary">
<arg>url=${url}</arg>
<doc>Navigates the current browser window to the provided ``url``.</doc>
<msg timestamp="20220722 10:32:04.077" level="INFO">Opening url 'https://www.amazon.com.br/'</msg>
<status status="PASS" starttime="20220722 10:32:04.076" endtime="20220722 10:32:05.929"/>
</kw>
<status status="PASS" starttime="20220722 10:32:04.076" endtime="20220722 10:32:05.929"/>
</kw>
<kw name="Entrar no menu &quot;Vendas Amazon&quot;" library="amazon_resourses">
<kw name="Click Element" library="SeleniumLibrary">
<arg>locator=${Vendas_Amazon}</arg>
<doc>Click the element identified by ``locator``.</doc>
<msg timestamp="20220722 10:32:05.930" level="INFO">Clicking element '//a[@href='/gp/browse.html?node=17877554011&amp;ref_=nav_cs_sell'][contains(.,'Venda na Amazon')]'.</msg>
<status status="PASS" starttime="20220722 10:32:05.930" endtime="20220722 10:32:30.239"/>
</kw>
<status status="PASS" starttime="20220722 10:32:05.929" endtime="20220722 10:32:30.239"/>
</kw>
<kw name="Verificar se aparece a frase &quot;Vendas Amazon&quot;" library="amazon_resourses">
<kw name="Wait Until Page Contains" library="SeleniumLibrary">
<arg>text=${TEXTO_HEADER_VENDAS}</arg>
<doc>Waits until ``text`` appears on the current page.</doc>
<status status="PASS" starttime="20220722 10:32:30.240" endtime="20220722 10:32:30.257"/>
</kw>
<kw name="Wait Until Element Is Visible" library="SeleniumLibrary">
<arg>locator=${VISIBLE_VENDAS_AMAZON}</arg>
<doc>Waits until the element ``locator`` is visible.</doc>
<status status="PASS" starttime="20220722 10:32:30.257" endtime="20220722 10:32:30.286"/>
</kw>
<status status="PASS" starttime="20220722 10:32:30.240" endtime="20220722 10:32:30.287"/>
</kw>
<doc>Esse teste verificaa o menu eletrônicos do site da Amazon.com.br
e verifica a categoria Computadores e Informática</doc>
<tag>menus categorias</tag>
<status status="PASS" starttime="20220722 10:32:02.774" endtime="20220722 10:32:30.287"/>
</test>
<doc>Esse suite testa o site da Amazon.com.r</doc>
<status status="PASS" starttime="20220722 10:32:02.544" endtime="20220722 10:32:30.289"/>
</suite>
<statistics>
<total>
<stat pass="1" fail="0" skip="0">All Tests</stat>
</total>
<tag>
<stat pass="1" fail="0" skip="0">menus categorias</stat>
</tag>
<suite>
<stat pass="1" fail="0" skip="0" id="s1" name="Amazon Testes">Amazon Testes</stat>
</suite>
</statistics>
<errors>
</errors>
</robot>
