<?xml version="1.0" encoding="UTF-8"?>
<robot generator="Robot 5.0.1 (Python 3.10.5 on win32)" generated="20220726 10:36:24.134" rpa="false" schemaversion="3">
<suite id="s1" name="Amazon Testes" source="C:\Users\ariel\Documents\case-tests\amazon_testes.robot">
<test id="s1-t1" name="Caso de Teste 02 - Pesquisa de um Produto" line="27">
<kw name="Abrir o navegador" library="amazon_resourses" type="SETUP">
<kw name="Open Browser" library="SeleniumLibrary">
<arg>browser=chrome</arg>
<doc>Opens a new browser instance to the optional ``url``.</doc>
<msg timestamp="20220726 10:36:24.313" level="INFO">Opening browser 'chrome' to base url 'None'.</msg>
<status status="PASS" starttime="20220726 10:36:24.313" endtime="20220726 10:36:25.330"/>
</kw>
<kw name="Maximize Browser Window" library="SeleniumLibrary">
<doc>Maximizes current browser window.</doc>
<status status="PASS" starttime="20220726 10:36:25.330" endtime="20220726 10:36:25.445"/>
</kw>
<status status="PASS" starttime="20220726 10:36:24.312" endtime="20220726 10:36:25.445"/>
</kw>
<kw name="Acessar a home page do site Amazon.com.br" library="amazon_resourses">
<kw name="Go To" library="SeleniumLibrary">
<arg>url=${Url}</arg>
<doc>Navigates the current browser window to the provided ``url``.</doc>
<msg timestamp="20220726 10:36:25.446" level="INFO">Opening url 'https://www.amazon.com.br/'</msg>
<status status="PASS" starttime="20220726 10:36:25.446" endtime="20220726 10:36:27.583"/>
</kw>
<status status="PASS" starttime="20220726 10:36:25.446" endtime="20220726 10:36:27.583"/>
</kw>
<kw name="Digitar o nome de produto &quot;Xbox Series S&quot; no campo de pesquisa" library="amazon_resourses" sourcename="Digitar o nome de produto &quot;${Produto}&quot; no campo de pesquisa">
<kw name="Input Text" library="SeleniumLibrary">
<arg>locator=${Digitar_Nome}</arg>
<arg>text=${Produto}</arg>
<doc>Types the given ``text`` into the text field identified by ``locator``.</doc>
<msg timestamp="20220726 10:36:27.585" level="INFO">Typing text 'Xbox Series S' into text field 'id=twotabsearchtextbox'.</msg>
<status status="PASS" starttime="20220726 10:36:27.584" endtime="20220726 10:36:27.848"/>
</kw>
<status status="PASS" starttime="20220726 10:36:27.584" endtime="20220726 10:36:27.848"/>
</kw>
<kw name="Clicar no botão de pesquisa" library="amazon_resourses">
<kw name="Click Element" library="SeleniumLibrary">
<arg>locator=${Botão_De_Pesquisa}</arg>
<doc>Click the element identified by ``locator``.</doc>
<msg timestamp="20220726 10:36:27.849" level="INFO">Clicking element 'id=nav-search-submit-button'.</msg>
<status status="PASS" starttime="20220726 10:36:27.849" endtime="20220726 10:36:29.394"/>
</kw>
<status status="PASS" starttime="20220726 10:36:27.848" endtime="20220726 10:36:29.395"/>
</kw>
<kw name="Verificar o resultado da pesquisa se está listando o produto &quot;Console Xbox Series S&quot;" library="amazon_resourses" sourcename="Verificar o resultado da pesquisa se está listando o produto &quot;${Produto}&quot;">
<kw name="Wait Until Element Is Visible" library="SeleniumLibrary">
<arg>locator=(//span[contains(.,'${Produto}')])[2]</arg>
<doc>Waits until the element ``locator`` is visible.</doc>
<status status="PASS" starttime="20220726 10:36:29.395" endtime="20220726 10:36:29.419"/>
</kw>
<status status="PASS" starttime="20220726 10:36:29.395" endtime="20220726 10:36:29.419"/>
</kw>
<doc>Esse teste vrifica a busca de um produto</doc>
<tag>busca_produtos</tag>
<tag>lista_busca</tag>
<status status="PASS" starttime="20220726 10:36:24.311" endtime="20220726 10:36:29.420"/>
</test>
<doc>Esse suite testa o site da Amazon.com.br</doc>
<status status="PASS" starttime="20220726 10:36:24.135" endtime="20220726 10:36:29.422"/>
</suite>
<statistics>
<total>
<stat pass="1" fail="0" skip="0">All Tests</stat>
</total>
<tag>
<stat pass="1" fail="0" skip="0">busca_produtos</stat>
<stat pass="1" fail="0" skip="0">lista_busca</stat>
</tag>
<suite>
<stat pass="1" fail="0" skip="0" id="s1" name="Amazon Testes">Amazon Testes</stat>
</suite>
</statistics>
<errors>
</errors>
</robot>
